[    0.000000] Initializing cgroup subsys cpuset
[    0.000000] Initializing cgroup subsys cpu
[    0.000000] Initializing cgroup subsys cpuacct
[    0.000000] Linux version 4.4.0-187-generic (buildd@lgw01-amd64-035) (gcc version 5.4.0 20160609 (Ubuntu 5.4.0-6ubuntu1~16.04.12) ) #217-Ubuntu SMP Tue Jul 21 04:18:15 UTC 2020 (Ubuntu 4.4.0-187.217-generic 4.4.230)
[    0.000000] Command line: BOOT_IMAGE=/boot/vmlinuz-4.4.0-187-generic root=UUID=2f3ad447-cc37-48da-a5e8-d7f16b7f0182 ro console=tty1 console=ttyS0
[    0.000000] KERNEL supported cpus:
[    0.000000]   Intel GenuineIntel
[    0.000000]   AMD AuthenticAMD
[    0.000000]   Centaur CentaurHauls
[    0.000000] x86/fpu: xstate_offset[2]:  576, xstate_sizes[2]:  256
[    0.000000] x86/fpu: Supporting XSAVE feature 0x01: 'x87 floating point registers'
[    0.000000] x86/fpu: Supporting XSAVE feature 0x02: 'SSE registers'
[    0.000000] x86/fpu: Supporting XSAVE feature 0x04: 'AVX registers'
[    0.000000] x86/fpu: Enabled xstate features 0x7, context size is 832 bytes, using 'standard' format.
[    0.000000] e820: BIOS-provided physical RAM map:
[    0.000000] BIOS-e820: [mem 0x0000000000000000-0x000000000009fbff] usable
[    0.000000] BIOS-e820: [mem 0x000000000009fc00-0x000000000009ffff] reserved
[    0.000000] BIOS-e820: [mem 0x00000000000f0000-0x00000000000fffff] reserved
[    0.000000] BIOS-e820: [mem 0x0000000000100000-0x000000007ffeffff] usable
[    0.000000] BIOS-e820: [mem 0x000000007fff0000-0x000000007fffffff] ACPI data
[    0.000000] BIOS-e820: [mem 0x00000000fec00000-0x00000000fec00fff] reserved
[    0.000000] BIOS-e820: [mem 0x00000000fee00000-0x00000000fee00fff] reserved
[    0.000000] BIOS-e820: [mem 0x00000000fffc0000-0x00000000ffffffff] reserved
[    0.000000] NX (Execute Disable) protection: active
[    0.000000] SMBIOS 2.5 present.
[    0.000000] Hypervisor detected: KVM
[    0.000000] e820: last_pfn = 0x7fff0 max_arch_pfn = 0x400000000
[    0.000000] MTRR: Disabled
[    0.000000] x86/PAT: MTRRs disabled, skipping PAT initialization too.
[    0.000000] CPU MTRRs all blank - virtualized system.
[    0.000000] x86/PAT: Configuration [0-7]: WB  WT  UC- UC  WB  WT  UC- UC  
[    0.000000] found SMP MP-table at [mem 0x0009fff0-0x0009ffff] mapped at [ffff88000009fff0]
[    0.000000] Scanning 1 areas for low memory corruption
[    0.000000] RAMDISK: [mem 0x361c6000-0x370dafff]
[    0.000000] ACPI: Early table checksum verification disabled
[    0.000000] ACPI: RSDP 0x00000000000E0000 000024 (v02 VBOX  )
[    0.000000] ACPI: XSDT 0x000000007FFF0030 00003C (v01 VBOX   VBOXXSDT 00000001 ASL  00000061)
[    0.000000] ACPI: FACP 0x000000007FFF00F0 0000F4 (v04 VBOX   VBOXFACP 00000001 ASL  00000061)
[    0.000000] ACPI: DSDT 0x000000007FFF0470 0022EA (v02 VBOX   VBOXBIOS 00000002 INTL 20180105)
[    0.000000] ACPI: FACS 0x000000007FFF0200 000040
[    0.000000] ACPI: FACS 0x000000007FFF0200 000040
[    0.000000] ACPI: APIC 0x000000007FFF0240 00005C (v02 VBOX   VBOXAPIC 00000001 ASL  00000061)
[    0.000000] ACPI: SSDT 0x000000007FFF02A0 0001CC (v01 VBOX   VBOXCPUT 00000002 INTL 20180105)
[    0.000000] No NUMA configuration found
[    0.000000] Faking a node at [mem 0x0000000000000000-0x000000007ffeffff]
[    0.000000] NODE_DATA(0) allocated [mem 0x7ffeb000-0x7ffeffff]
[    0.000000] kvm-clock: Using msrs 4b564d01 and 4b564d00
[    0.000000] kvm-clock: cpu 0, msr 0:7ffe3001, primary cpu clock
[    0.000000] kvm-clock: using sched offset of 3098078976 cycles
[    0.000000] clocksource: kvm-clock: mask: 0xffffffffffffffff max_cycles: 0x1cd42e4dffb, max_idle_ns: 881590591483 ns
[    0.000000] Zone ranges:
[    0.000000]   DMA      [mem 0x0000000000001000-0x0000000000ffffff]
[    0.000000]   DMA32    [mem 0x0000000001000000-0x000000007ffeffff]
[    0.000000]   Normal   empty
[    0.000000]   Device   empty
[    0.000000] Movable zone start for each node
[    0.000000] Early memory node ranges
[    0.000000]   node   0: [mem 0x0000000000001000-0x000000000009efff]
[    0.000000]   node   0: [mem 0x0000000000100000-0x000000007ffeffff]
[    0.000000] Initmem setup node 0 [mem 0x0000000000001000-0x000000007ffeffff]
[    0.000000] ACPI: PM-Timer IO Port: 0x4008
[    0.000000] IOAPIC[0]: apic_id 2, version 32, address 0xfec00000, GSI 0-23
[    0.000000] ACPI: INT_SRC_OVR (bus 0 bus_irq 0 global_irq 2 dfl dfl)
[    0.000000] ACPI: INT_SRC_OVR (bus 0 bus_irq 9 global_irq 9 low level)
[    0.000000] Using ACPI (MADT) for SMP configuration information
[    0.000000] smpboot: Allowing 2 CPUs, 0 hotplug CPUs
[    0.000000] PM: Registered nosave memory: [mem 0x00000000-0x00000fff]
[    0.000000] PM: Registered nosave memory: [mem 0x0009f000-0x0009ffff]
[    0.000000] PM: Registered nosave memory: [mem 0x000a0000-0x000effff]
[    0.000000] PM: Registered nosave memory: [mem 0x000f0000-0x000fffff]
[    0.000000] e820: [mem 0x80000000-0xfebfffff] available for PCI devices
[    0.000000] Booting paravirtualized kernel on KVM
[    0.000000] clocksource: refined-jiffies: mask: 0xffffffff max_cycles: 0xffffffff, max_idle_ns: 7645519600211568 ns
[    0.000000] setup_percpu: NR_CPUS:512 nr_cpumask_bits:512 nr_cpu_ids:2 nr_node_ids:1
[    0.000000] PERCPU: Embedded 33 pages/cpu @ffff88007fc00000 s95512 r8192 d31464 u1048576
[    0.000000] Built 1 zonelists in Node order, mobility grouping on.  Total pages: 515960
[    0.000000] Policy zone: DMA32
[    0.000000] Kernel command line: BOOT_IMAGE=/boot/vmlinuz-4.4.0-187-generic root=UUID=2f3ad447-cc37-48da-a5e8-d7f16b7f0182 ro console=tty1 console=ttyS0
[    0.000000] PID hash table entries: 4096 (order: 3, 32768 bytes)
[    0.000000] Memory: 2029292K/2096696K available (8636K kernel code, 1337K rwdata, 4040K rodata, 1492K init, 1296K bss, 67404K reserved, 0K cma-reserved)
[    0.000000] SLUB: HWalign=64, Order=0-3, MinObjects=0, CPUs=2, Nodes=1
[    0.000000] Kernel/User page tables isolation: enabled
[    0.000000] Hierarchical RCU implementation.
[    0.000000] 	Build-time adjustment of leaf fanout to 64.
[    0.000000] 	RCU restricting CPUs from NR_CPUS=512 to nr_cpu_ids=2.
[    0.000000] RCU: Adjusting geometry for rcu_fanout_leaf=64, nr_cpu_ids=2
[    0.000000] NR_IRQS:33024 nr_irqs:440 16
[    0.000000] Console: colour VGA+ 80x25
[    0.000000] console [tty1] enabled
[    0.000000] console [ttyS0] enabled
[    0.000000] tsc: Detected 2207.998 MHz processor
[    0.108359] Calibrating delay loop (skipped) preset value.. 4415.99 BogoMIPS (lpj=8831992)
[    0.109678] pid_max: default: 32768 minimum: 301
[    0.110391] ACPI: Core revision 20150930
[    0.111776] ACPI: 2 ACPI AML tables successfully acquired and loaded
[    0.112772] Security Framework initialized
[    0.113364] Yama: becoming mindful.
[    0.113909] AppArmor: AppArmor initialized
[    0.114984] Dentry cache hash table entries: 262144 (order: 9, 2097152 bytes)
[    0.116172] Inode-cache hash table entries: 131072 (order: 8, 1048576 bytes)
[    0.117481] Mount-cache hash table entries: 4096 (order: 3, 32768 bytes)
[    0.118336] Mountpoint-cache hash table entries: 4096 (order: 3, 32768 bytes)
[    0.119375] Initializing cgroup subsys io
[    0.119999] Initializing cgroup subsys memory
[    0.120633] Initializing cgroup subsys devices
[    0.121263] Initializing cgroup subsys freezer
[    0.121889] Initializing cgroup subsys net_cls
[    0.122516] Initializing cgroup subsys perf_event
[    0.123170] Initializing cgroup subsys net_prio
[    0.123836] Initializing cgroup subsys hugetlb
[    0.124489] Initializing cgroup subsys pids
[    0.126283] mce: CPU supports 0 MCE banks
[    0.126892] Last level iTLB entries: 4KB 64, 2MB 8, 4MB 8
[    0.127609] Last level dTLB entries: 4KB 64, 2MB 0, 4MB 0, 1GB 4
[    0.128426] Spectre V1 : Mitigation: usercopy/swapgs barriers and __user pointer sanitization
[    0.129595] Spectre V2 : Mitigation: Full generic retpoline
[    0.130322] Spectre V2 : Spectre v2 / SpectreRSB mitigation: Filling RSB on context switch
[    0.131489] Speculative Store Bypass: Vulnerable
[    0.132133] SRBDS: Unknown: Dependent on hypervisor status
[    0.132935] MDS: Vulnerable: Clear CPU buffers attempted, no microcode
[    0.136074] Freeing SMP alternatives memory: 36K
[    0.141929] ftrace: allocating 32337 entries in 127 pages
[    0.197075] smpboot: APIC(0) Converting physical 0 to logical package 0
[    0.197951] smpboot: Max logical packages: 1
[    0.198772] x2apic enabled
[    0.199450] Switched APIC routing to physical x2apic.
[    0.201085] ..TIMER: vector=0x30 apic1=0 pin1=2 apic2=-1 pin2=-1
[    0.309965] smpboot: CPU0: Intel(R) Core(TM) i5-7260U CPU @ 2.20GHz (family: 0x6, model: 0x8e, stepping: 0x9)
[    0.311510] Performance Events: unsupported p6 CPU model 142 no PMU driver, software events only.
[    0.324737] KVM setup paravirtual spinlock
[    0.326435] x86: Booting SMP configuration:
[    0.327060] .... node  #0, CPUs:      #1
[    0.327723] kvm-clock: cpu 1, msr 0:7ffe3041, secondary cpu clock
[    0.329516] mce: CPU supports 0 MCE banks
[    0.331963] x86: Booted up 1 node, 2 CPUs
[    0.332741] smpboot: Total of 2 processors activated (8831.99 BogoMIPS)
[    0.333887] devtmpfs: initialized
[    0.335458] evm: security.selinux
[    0.335992] evm: security.SMACK64
[    0.336532] evm: security.SMACK64EXEC
[    0.337089] evm: security.SMACK64TRANSMUTE
[    0.337686] evm: security.SMACK64MMAP
[    0.338250] evm: security.ima
[    0.338756] evm: security.capability
[    0.339447] clocksource: jiffies: mask: 0xffffffff max_cycles: 0xffffffff, max_idle_ns: 7645041785100000 ns
[    0.340807] futex hash table entries: 512 (order: 3, 32768 bytes)
[    0.341810] pinctrl core: initialized pinctrl subsystem
[    0.342635] RTC time:  7:14:32, date: 09/03/20
[    0.343449] NET: Registered protocol family 16
[    0.354775] cpuidle: using governor ladder
[    0.367816] cpuidle: using governor menu
[    0.368507] PCCT header not found.
[    0.369102] ACPI: bus type PCI registered
[    0.369694] acpiphp: ACPI Hot Plug PCI Controller Driver version: 0.5
[    0.370613] PCI: Using configuration type 1 for base access
[    0.383723] ACPI: Added _OSI(Module Device)
[    0.384442] ACPI: Added _OSI(Processor Device)
[    0.385107] ACPI: Added _OSI(3.0 _SCP Extensions)
[    0.385761] ACPI: Added _OSI(Processor Aggregator Device)
[    0.387043] ACPI: Executed 1 blocks of module-level executable AML code
[    0.389588] ACPI: Interpreter enabled
[    0.390156] ACPI: (supports S0 S5)
[    0.390777] ACPI: Using IOAPIC for interrupt routing
[    0.391673] PCI: Using host bridge windows from ACPI; if necessary, use "pci=nocrs" and report a bug
[    0.395661] ACPI: PCI Root Bridge [PCI0] (domain 0000 [bus 00-ff])
[    0.396480] acpi PNP0A03:00: _OSC: OS supports [ASPM ClockPM Segments MSI]
[    0.398441] acpi PNP0A03:00: _OSC: not requesting OS control; OS requires [ExtendedConfig ASPM ClockPM MSI]
[    0.400525] acpi PNP0A03:00: fail to add MMCONFIG information, can't access extended PCI configuration space under this bridge.
[    0.402180] PCI host bridge to bus 0000:00
[    0.402794] pci_bus 0000:00: root bus resource [io  0x0000-0x0cf7 window]
[    0.403653] pci_bus 0000:00: root bus resource [io  0x0d00-0xffff window]
[    0.404522] pci_bus 0000:00: root bus resource [mem 0x000a0000-0x000bffff window]
[    0.405611] pci_bus 0000:00: root bus resource [mem 0x80000000-0xfdffffff window]
[    0.406704] pci_bus 0000:00: root bus resource [bus 00-ff]
[    0.408696] pci 0000:00:01.1: legacy IDE quirk: reg 0x10: [io  0x01f0-0x01f7]
[    0.409612] pci 0000:00:01.1: legacy IDE quirk: reg 0x14: [io  0x03f6]
[    0.410442] pci 0000:00:01.1: legacy IDE quirk: reg 0x18: [io  0x0170-0x0177]
[    0.419249] pci 0000:00:01.1: legacy IDE quirk: reg 0x1c: [io  0x0376]
[    0.438827] pci 0000:00:07.0: quirk: [io  0x4000-0x403f] claimed by PIIX4 ACPI
[    0.439956] pci 0000:00:07.0: quirk: [io  0x4100-0x410f] claimed by PIIX4 SMB
[    0.452269] ACPI: PCI Interrupt Link [LNKA] (IRQs 5 9 10 *11)
[    0.453518] ACPI: PCI Interrupt Link [LNKB] (IRQs 5 9 *10 11)
[    0.454621] ACPI: PCI Interrupt Link [LNKC] (IRQs 5 *9 10 11)
[    0.455737] ACPI: PCI Interrupt Link [LNKD] (IRQs 5 9 10 *11)
[    0.456892] ACPI: Enabled 2 GPEs in block 00 to 07
[    0.457955] vgaarb: setting as boot device: PCI:0000:00:02.0
[    0.458805] vgaarb: device added: PCI:0000:00:02.0,decodes=io+mem,owns=io+mem,locks=none
[    0.460102] vgaarb: loaded
[    0.460618] vgaarb: bridge control possible 0000:00:02.0
[    0.461641] SCSI subsystem initialized
[    0.462387] ACPI: bus type USB registered
[    0.463062] usbcore: registered new interface driver usbfs
[    0.463905] usbcore: registered new interface driver hub
[    0.464722] usbcore: registered new device driver usb
[    0.465739] PCI: Using ACPI for IRQ routing
[    0.466631] NetLabel: Initializing
[    0.467215] NetLabel:  domain hash size = 128
[    0.467948] NetLabel:  protocols = UNLABELED CIPSOv4
[    0.468759] NetLabel:  unlabeled traffic allowed by default
[    0.469726] amd_nb: Cannot enumerate AMD northbridges
[    0.470574] clocksource: Switched to clocksource kvm-clock
[    0.476590] AppArmor: AppArmor Filesystem Enabled
[    0.477395] pnp: PnP ACPI init
[    0.478490] pnp: PnP ACPI: found 3 devices
[    0.487291] clocksource: acpi_pm: mask: 0xffffff max_cycles: 0xffffff, max_idle_ns: 2085701024 ns
[    0.488689] NET: Registered protocol family 2
[    0.489527] TCP established hash table entries: 16384 (order: 5, 131072 bytes)
[    0.490800] TCP bind hash table entries: 16384 (order: 6, 262144 bytes)
[    0.491829] TCP: Hash tables configured (established 16384 bind 16384)
[    0.492712] UDP hash table entries: 1024 (order: 3, 32768 bytes)
[    0.493492] UDP-Lite hash table entries: 1024 (order: 3, 32768 bytes)
[    0.494348] NET: Registered protocol family 1
[    0.495008] pci 0000:00:00.0: Limiting direct PCI/PCI transfers
[    0.495792] pci 0000:00:01.0: Activating ISA DMA hang workarounds
[    0.496682] Unpacking initramfs...
[    0.680402] Freeing initrd memory: 15444K
[    0.681225] clocksource: tsc: mask: 0xffffffffffffffff max_cycles: 0x1fd3b6211b4, max_idle_ns: 440795230313 ns
[    0.682767] platform rtc_cmos: registered platform RTC device (no PNP device found)
[    0.684051] Scanning for low memory corruption every 60 seconds
[    0.685213] audit: initializing netlink subsys (disabled)
[    0.686039] audit: type=2000 audit(1599117276.774:1): initialized
[    0.687172] Initialise system trusted keyring
[    0.688021] HugeTLB registered 2 MB page size, pre-allocated 0 pages
[    0.689984] zbud: loaded
[    0.690904] VFS: Disk quotas dquot_6.6.0
[    0.691689] VFS: Dquot-cache hash table entries: 512 (order 0, 4096 bytes)
[    0.692785] squashfs: version 4.0 (2009/01/31) Phillip Lougher
[    0.693813] fuse init (API version 7.23)
[    0.694505] Key type big_key registered
[    0.695129] Allocating IMA MOK and blacklist keyrings.
[    0.696348] Key type asymmetric registered
[    0.696954] Asymmetric key parser 'x509' registered
[    0.697659] Block layer SCSI generic (bsg) driver version 0.4 loaded (major 249)
[    0.698794] io scheduler noop registered
[    0.699386] io scheduler deadline registered (default)
[    0.700115] io scheduler cfq registered
[    0.700770] pci_hotplug: PCI Hot Plug PCI Core version: 0.5
[    0.701521] pciehp: PCI Express Hot Plug Controller Driver version: 0.4
[    0.702491] ACPI: AC Adapter [AC] (on-line)
[    0.703174] input: Power Button as /devices/LNXSYSTM:00/LNXPWRBN:00/input/input0
[    0.704266] ACPI: Power Button [PWRF]
[    0.704871] input: Sleep Button as /devices/LNXSYSTM:00/LNXSLPBN:00/input/input1
[    0.705952] ACPI: Sleep Button [SLPF]
[    0.706693] GHES: HEST is not enabled!
[    0.707365] Serial: 8250/16550 driver, 32 ports, IRQ sharing enabled
[    0.728626] 00:02: ttyS0 at I/O 0x3f8 (irq = 4, base_baud = 115200) is a 16550A
    0.732267] Linux agpgart interface v0.103
[    0.734320] loop: module loaded
[    0.735469] scsi host0: ata_piix
[    0.736187] scsi host1: ata_piix
[    0.736821] ata1: PATA max UDMA/33 cmd 0x1f0 ctl 0x3f6 bmdma 0xd000 irq 14
[    0.737817] ata2: PATA max UDMA/33 cmd 0x170 ctl 0x376 bmdma 0xd008 irq 15
[    0.738922] libphy: Fixed MDIO Bus: probed
[    0.739612] tun: Universal TUN/TAP device driver, 1.6
[    0.740409] tun: (C) 1999-2004 Max Krasnyansky <maxk@qualcomm.com>
[    0.741472] PPP generic driver version 2.4.2
[    0.742182] ehci_hcd: USB 2.0 'Enhanced' Host Controller (EHCI) Driver
[    0.743073] ehci-pci: EHCI PCI platform driver
[    0.743725] ehci-platform: EHCI generic platform driver
[    0.744453] ohci_hcd: USB 1.1 'Open' Host Controller (OHCI) Driver
[    0.745259] ohci-pci: OHCI PCI platform driver
[    0.745902] ohci-platform: OHCI generic platform driver
[    0.746620] uhci_hcd: USB Universal Host Controller Interface driver
[    0.747515] i8042: PNP: PS/2 Controller [PNP0303:PS2K,PNP0f03:PS2M] at 0x60,0x64 irq 1,12
[    0.749108] serio: i8042 KBD port at 0x60,0x64 irq 1
[    0.749798] serio: i8042 AUX port at 0x60,0x64 irq 12
[    0.750576] mousedev: PS/2 mouse device common for all mice
[    0.751729] input: AT Translated Set 2 keyboard as /devices/platform/i8042/serio0/input/input2
[    0.753086] rtc_cmos rtc_cmos: rtc core: registered rtc_cmos as rtc0
[    0.753947] rtc_cmos rtc_cmos: alarms up to one day, 114 bytes nvram
[    0.754771] i2c /dev entries driver
[    0.755382] device-mapper: uevent: version 1.0.3
[    0.756083] device-mapper: ioctl: 4.34.0-ioctl (2015-10-28) initialised: dm-devel@redhat.com
[    0.758564] ledtrig-cpu: registered to indicate activity on CPUs
[    0.760426] NET: Registered protocol family 10
[    0.761228] NET: Registered protocol family 17
[    0.761881] Key type dns_resolver registered
[    0.762697] registered taskstats version 1
[    0.763345] Loading compiled-in X.509 certificates
[    0.764505] Loaded X.509 cert 'Build time autogenerated kernel key: f06b7227f29f55afa9b8968d1b82289d30ebc7c3'
[    0.765849] zswap: loaded using pool lzo/zbud
[    0.767912] Key type trusted registered
[    0.771139] Key type encrypted registered
[    0.771751] AppArmor: AppArmor sha1 policy hashing enabled
[    0.772498] ima: No TPM chip found, activating TPM-bypass!
[    0.773241] ima: Allocated hash algorithm: sha1
[    0.773928] evm: HMAC attrs: 0x1
[    0.774961]   Magic number: 4:152:217
[    0.775606] rtc_cmos rtc_cmos: setting system clock to 2020-09-03 07:14:32 UTC (1599117272)
[    0.776902] BIOS EDD facility v0.16 2004-Jun-25, 0 devices found
[    0.777694] EDD information not available.
[    0.903317] Freeing unused kernel memory: 1492K
[    0.907083] Write protecting the kernel read-only data: 14336k
[    0.913439] Freeing unused kernel memory: 1592K
[    0.917353] Freeing unused kernel memory: 56K
Loading, please wait...
starting version 229
[    0.966056] random: systemd-udevd: uninitialized urandom read (16 bytes read, 3 bits of entropy available)
[    0.967279] random: udevadm: uninitialized urandom read (16 bytes read, 3 bits of entropy available)
[    0.967319] random: udevadm: uninitialized urandom read (16 bytes read, 3 bits of entropy available)
[    0.974893] random: systemd-udevd: uninitialized urandom read (16 bytes read, 3 bits of entropy available)
[    0.977202] random: systemd-udevd: uninitialized urandom read (16 bytes read, 3 bits of entropy available)
[    0.979451] random: systemd-udevd: uninitialized urandom read (16 bytes read, 3 bits of entropy available)
[    0.979968] random: udevadm: uninitialized urandom read (16 bytes read, 3 bits of entropy available)
[    0.980021] random: udevadm: uninitialized urandom read (16 bytes read, 3 bits of entropy available)
[    0.980185] random: udevadm: uninitialized urandom read (16 bytes read, 3 bits of entropy available)
[    0.980229] random: udevadm: uninitialized urandom read (16 bytes read, 3 bits of entropy available)
[    1.028942] Fusion MPT base driver 3.04.20
[    1.029613] Copyright (c) 1999-2008 LSI Corporation
[    1.032471] e1000: Intel(R) PRO/1000 Network Driver - version 7.3.21-k8-NAPI
[    1.033386] e1000: Copyright (c) 1999-2006 Intel Corporation.
[    1.039205] AVX2 version of gcm_enc/dec engaged.
[    1.039901] AES CTR mode by8 optimization enabled
[    1.042269] Fusion MPT SPI Host driver 3.04.20
[    1.043443] mptbase: ioc0: Initiating bringup
[    1.111469] ioc0: LSI53C1030 A0: Capabilities={Initiator}
[    1.240839] input: ImExPS/2 Generic Explorer Mouse as /devices/platform/i8042/serio1/input/input4
[    1.294353] scsi host2: ioc0: LSI53C1030 A0, FwRev=00000000h, Ports=1, MaxQ=256, IRQ=20
[    1.416431] scsi 2:0:0:0: Direct-Access     VBOX     HARDDISK         1.0  PQ: 0 ANSI: 5
[    1.420133] scsi target2:0:0: Beginning Domain Validation
[    1.422375] scsi target2:0:0: Domain Validation skipping write tests
[    1.423889] scsi target2:0:0: Ending Domain Validation
[    1.425529] scsi target2:0:0: asynchronous
[    1.427406] scsi 2:0:1:0: Direct-Access     VBOX     HARDDISK         1.0  PQ: 0 ANSI: 5
[    1.429700] scsi target2:0:1: Beginning Domain Validation
[    1.432243] scsi target2:0:1: Domain Validation skipping write tests
[    1.433895] scsi target2:0:1: Ending Domain Validation
[    1.435418] scsi target2:0:1: asynchronous
[    1.446703] sd 2:0:0:0: Attached scsi generic sg0 type 0
[    1.448328] sd 2:0:0:0: [sda] 20971520 512-byte logical blocks: (10.7 GB/10.0 GiB)
[    1.451846] sd 2:0:1:0: [sdb] 20480 512-byte logical blocks: (10.5 MB/10.0 MiB)
[    1.451962] sd 2:0:1:0: [sdb] Write Protect is off
[    1.452040] sd 2:0:1:0: [sdb] Incomplete mode parameter data
[    1.452042] sd 2:0:1:0: [sdb] Assuming drive cache: write through
[    1.465073] sd 2:0:1:0: Attached scsi generic sg1 type 0
[    1.466147] sd 2:0:0:0: [sda] Write Protect is off
[    1.467044] sd 2:0:0:0: [sda] Incomplete mode parameter data
[    1.467946] sd 2:0:0:0: [sda] Assuming drive cache: write through
[    1.469583]  sda: sda1
[    1.470535] sd 2:0:0:0: [sda] Attached SCSI disk
[    1.470753] sd 2:0:1:0: [sdb] Attached SCSI disk
[    1.762510] e1000 0000:00:03.0 eth0: (PCI:33MHz:32-bit) 02:30:52:25:60:69
[    1.764530] e1000 0000:00:03.0 eth0: Intel(R) PRO/1000 Network Connection
[    2.101957] e1000 0000:00:08.0 eth1: (PCI:33MHz:32-bit) 08:00:27:3e:47:33
[    2.102860] e1000 0000:00:08.0 eth1: Intel(R) PRO/1000 Network Connection
[    2.104473] e1000 0000:00:03.0 enp0s3: renamed from eth0
[    2.114839] e1000 0000:00:08.0 enp0s8: renamed from eth1
Begin: Loading essential drivers ... [    3.428130] md: linear personality registered for level -1
[    3.430926] md: multipath personality registered for level -4
[    3.433525] md: raid0 personality registered for level 0
[    3.437054] md: raid1 personality registered for level 1
[    3.511397] raid6: sse2x1   gen() 10922 MB/s
[    3.580230] raid6: sse2x1   xor()  8344 MB/s
[    3.647804] raid6: sse2x2   gen() 14547 MB/s
[    3.715167] raid6: sse2x2   xor()  9478 MB/s
[    3.791326] raid6: sse2x4   gen() 15679 MB/s
[    3.860199] raid6: sse2x4   xor() 11284 MB/s
[    3.927768] raid6: avx2x1   gen() 23453 MB/s
[    3.996288] raid6: avx2x2   gen() 27738 MB/s
[    4.067777] raid6: avx2x4   gen() 30824 MB/s
[    4.068517] raid6: using algorithm avx2x4 gen() 30824 MB/s
[    4.069336] raid6: using avx2x2 recovery algorithm
[    4.071169] xor: automatically using best checksumming function:
[    4.110663]    avx       : 25488.000 MB/sec
[    4.112368] async_tx: api initialized (async)
[    4.121952] md: raid6 personality registered for level 6
[    4.122811] md: raid5 personality registered for level 5
[    4.123659] md: raid4 personality registered for level 4
[    4.129725] md: raid10 personality registered for level 10
done.
Begin: Running /scripts/init-premount ... done.
Begin: Mounting root file system ... Begin: Running /scripts/local-top ... done.
Begin: Running /scripts/local-premount ... [    4.155353] Btrfs loaded
Scanning for Btrfs filesystems
done.
Warning: fsck not present, so skipping root file system
[    4.180576] EXT4-fs (sda1): INFO: recovery required on readonly filesystem
[    4.181556] EXT4-fs (sda1): write access will be enabled during recovery
[    4.261478] EXT4-fs (sda1): orphan cleanup on readonly fs
[    4.279274] EXT4-fs (sda1): 53 orphan inodes deleted
[    4.282025] EXT4-fs (sda1): recovery complete
[    4.318734] EXT4-fs (sda1): mounted filesystem with ordered data mode. Opts: (null)
done.
Begin: Running /scripts/local-bottom ... done.
Begin: Running /scripts/init-bottom ... done.
[    4.525995] systemd[1]: systemd 229 running in system mode. (+PAM +AUDIT +SELINUX +IMA +APPARMOR +SMACK +SYSVINIT +UTMP +LIBCRYPTSETUP +GCRYPT +GNUTLS +ACL +XZ -LZ4 +SECCOMP +BLKID +ELFUTILS +KMOD -IDN)
[    4.534554] systemd[1]: Detected virtualization oracle.
[    4.536195] systemd[1]: Detected architecture x86-64.

Welcome to [1mUbuntu 16.04.6 LTS[0m!

[    4.540108] systemd[1]: Set hostname to <ubuntu-xenial>.
[    4.689658] systemd[1]: Reached target System Time Synchronized.
[[0;32m  OK  [0m] Reached target System Time Synchronized.
[    4.698806] systemd[1]: Listening on udev Kernel Socket.
[[0;32m  OK  [0m] Listening on udev Kernel Socket.
[    4.700129] systemd[1]: Reached target User and Group Name Lookups.
[[0;32m  OK  [0m] Reached target User and Group Name Lookups.
[    4.701605] systemd[1]: Started Forward Password Requests to Wall Directory Watch.
[[0;32m  OK  [0m] Started Forward Password Requests to Wall Directory Watch.
[    4.703477] systemd[1]: Reached target Encrypted Volumes.
[[0;32m  OK  [0m] Reached target Encrypted Volumes.
[    4.704785] systemd[1]: Listening on udev Control Socket.
[[0;32m  OK  [0m] Listening on udev Control Socket.
[    4.706086] systemd[1]: Listening on LVM2 metadata daemon socket.
[[0;32m  OK  [0m] Listening on LVM2 metadata daemon socket.
[    4.708124] systemd[1]: Listening on Syslog Socket.
[[0;32m  OK  [0m] Listening on Syslog Socket.
[    4.709415] systemd[1]: Listening on LVM2 poll daemon socket.
[[0;32m  OK  [0m] Listening on LVM2 poll daemon socket.
[    4.710986] systemd[1]: Set up automount Arbitrary Executable File Formats File System Automount Point.
[[0;32m  OK  [0m] Set up automount Arbitrary Executab...ats File System Automount Point.
[    4.713326] systemd[1]: Listening on Journal Socket (/dev/log).
[[0;32m  OK  [0m] Listening on Journal Socket (/dev/log).
[    4.714756] systemd[1]: Listening on Journal Socket.
[[0;32m  OK  [0m] Listening on Journal Socket.
[    4.716236] systemd[1]: Created slice System Slice.
[[0;32m  OK  [0m] Created slice System Slice.
[    4.726871] systemd[1]: Starting Set console keymap...
         Starting Set console keymap...
[    4.730238] systemd[1]: Starting Load Kernel Modules...
         Starting Load Kernel Modules...
[    4.732119] systemd[1]: Starting Remount Root and Kernel File Systems...
         Starting Remount Root and Kernel File Systems...
[    4.734413] systemd[1]: Starting Nameserver information manager...
         Starting Nameserver information manager...
[    4.736701] systemd[1]: Mounting POSIX Message Queue File System...
         Mounting POSIX Message Queue File System...
[    4.738992] systemd[1]: Starting Create list of required static device nodes for the current kernel...
         Starting Create list of required st... nodes for the current kernel...[    4.741265] Loading iSCSI transport class v2.0-870.

[    4.742714] systemd[1]: Created slice system-serial\x2dgetty.slice.
[[0;32m  OK  [0m] Created slice system-serial\x2dgetty.slice.
[    4.745042] systemd[1]: Started Trigger resolvconf update for networkd DNS.
[[0;32m  OK  [0m] Started Trigger resolvconf update for networkd DNS.
[    4.747963] systemd[1]: Starting Uncomplicated firewall...
         Starting Uncomplicated firewall...
[    4.749382] systemd[1]: Listening on /dev/initctl Compatibility Named Pipe.
[[0;32m  OK  [0m] Listening on /dev/initctl Compatibility Named Pipe.
[    4.751688] systemd[1]: Mounting Debug File System...
         Mounting Debug File System...
[    4.753233] EXT4-fs (sda1): re-mounted. Opts: (null)
[    4.755099] systemd[1]: Mounting Huge Pages File System...
         Mounting Huge Pages File System...
[    4.756491] systemd[1]: Listening on Journal Audit Socket.
[[0;32m  OK  [0m] Listening on Journal Audit Socket.
[    4.758807] systemd[1]: Starting Journal Service...
         Starting Journal Service...
[    4.760061] systemd[1]: Reached target Swap.
[[0;32m  OK  [0m] Reached target Swap.
[    4.761615] systemd[1]: Listening on Device-mapper event daemon FIFOs.
[[0;32m  OK  [0m] Listening on Device-mapper event daemon FIFOs.
[    4.763811] systemd[1]: Starting Monitoring of LVM2 mirrors, snapshots etc. using dmeventd or progress polling...
         Starting Monitoring of LVM2 mirrors... dmeventd or progress polling...
[    4.767165] systemd[1]: Created slice User and Session Slice.
[[0;32m  OK  [0m] Created slice User and Session Slice.
[    4.768797] systemd[1]: Reached target Slices.
[[0;32m  OK  [0m] Reached target Slices.
[    4.771529] iscsi: registered transport (tcp)
[    4.771740] systemd[1]: Mounted POSIX Message Queue File System.
[[0;32m  OK  [0m] Mounted POSIX Message Queue File System.
[    4.773883] systemd[1]: Mounted Debug File System.
[[0;32m  OK  [0m] Mounted Debug File System.
[    4.775504] systemd[1]: Mounted Huge Pages File System.
[[0;32m  OK  [0m] Mounted Huge Pages File System.
[    4.777298] systemd[1]: Started Remount Root and Kernel File Systems.
[[0;32m  OK  [0m] Started Remount Root and Kernel File Systems.
[    4.780191] systemd[1]: Started Create list of required static device nodes for the current kernel.
[[0;32m  OK  [0m] Started Create list of required sta...ce nodes for the current kernel.
[    4.783126] systemd[1]: Started Uncomplicated firewall.
[[0;32m  OK  [0m] Started Uncomplicated firewall.
[    4.785950] systemd[1]: Started Nameserver information manager.
[[0;32m  OK  [0m] Started Nameserver information manager.
[    4.791419] systemd[1]: Starting Create Static Device Nodes in /dev...
         Starting Create Static Device Nodes in /dev...
[    4.794418] systemd[1]: Starting Load/Save Random Seed...
         Starting Load/Save Random Seed...
[    4.803011] systemd[1]: Starting udev Coldplug all Devices...
         Starting udev Coldplug all Devices...
[    4.806005] systemd[1]: Started Load/Save Random Seed.
[[0;32m  OK  [0m] Started Load/Save Random Seed.
[    4.809573] systemd[1]: Started LVM2 metadata daemon.
[[0;32m  OK  [0m] Started LVM2 metadata daemon.
[    4.820660] systemd[1]: Started Journal Service.
[[0;32m  OK  [0m] Started Journal Service.
[[0;32m  OK  [0[    4.823259] iscsi: registered transport (iser)
m] Started Set console keymap.
[    4.823650] random: nonblocking pool is initialized
[[0;32m  OK  [0m] Started Load Kernel Modules.
         Starting Apply Kernel Variables...
         Mounting FUSE Control File System...
         Starting Flush Journal to Persistent Storage...
[[0;32m  OK  [0m] Mounted FUSE Control File System.
[[0;32m  OK  [0m] Started Apply Kernel Variables.
[[0;32m  OK  [0m] Started Create Static Device Nodes in /dev.
         Starting udev Kernel Device Manager...
[[0;32m  OK  [0m] Started udev Coldplug all Devices.
[[0;32m  OK  [0m] Started Flush Journal to Persistent Storage.
[[0;32m  OK  [0m] Started udev Kernel Device Manager.
[[0;32m  OK  [0m] Started Dispatch Password Requests to Console Directory Watch.
[[0;32m  OK  [0m] Found device /dev/ttyS0.
[[0;32m  OK  [0m] Listening on Load/Save RF Kill Switch Status /dev/rfkill Watch.
[[0;32m  OK  [0m] Found device 82540EM Gigabit Ethern...r (PRO/1000 MT Desktop Adapter).
[[0;32m  OK  [0m] Found device 82540EM Gigabit Ethern...r (PRO/1000 MT Desktop Adapter).
[[0;32m  OK  [0m] Started Monitoring of LVM2 mirrors,...ng dmeventd or progress polling.
[[0;32m  OK  [0m] Reached target Local File Systems (Pre).
[[0;32m  OK  [0m] Reached target Local File Systems.
         Starting Initial cloud-init job (pre-networking)...
         Starting LSB: AppArmor initialization...
         Starting Set console font and keymap...
         Starting Tell Plymouth To Write Out Runtime Data...
         Starting Create Volatile Files and Directories...
[[0;32m  OK  [0m] Started Tell Plymouth To Write Out Runtime Data.
[[0;32m  OK  [0m] Started Create Volatile Files and Directories.
         Starting Update UTMP about System Boot/Shutdown...
[[0;32m  OK  [0m] Started Update UTMP about System Boot/Shutdown.
[[0;32m  OK  [0m] Started LSB: AppArmor initialization.
         Starting Load AppArmor profiles managed internally by snapd...
[[0;32m  OK  [0m] Started Load AppArmor profiles managed internally by snapd.
[[0;32m  OK  [0m] Started Set console font and keymap.
[[0;32m  OK  [0m] Created slice system-getty.slice.
[    6.083846] cloud-init[620]: Cloud-init v. 18.5-45-g3554ffe8-0ubuntu1~16.04.1 running 'init-local' at Thu, 03 Sep 2020 07:14:37 +0000. Up 5.88 seconds.
[[0;32m  OK  [0m] Started Initial cloud-init job (pre-networking).
[[0;32m  OK  [0m] Reached target Network (Pre).
[[0;32m  OK  [0m] Started ifup for enp0s8.
         Starting Raise network interfaces...
[[0;32m  OK  [0m] Started ifup for enp0s3.
[[0;32m  OK  [0m] Started Raise network interfaces.
[[0;32m  OK  [0m] Reached target Network.
         Starting Initial cloud-init job (metadata service crawler)...
[    6.712173] cloud-init[1065]: Cloud-init v. 18.5-45-g3554ffe8-0ubuntu1~16.04.1 running 'init' at Thu, 03 Sep 2020 07:14:38 +0000. Up 6.49 seconds.
[    6.713399] cloud-init[1065]: ci-info: ++++++++++++++++++++++++++++++++++++++Net device info+++++++++++++++++++++++++++++++++++++++
[    6.714478] cloud-init[1065]: ci-info: +--------+------+-----------------------------+---------------+--------+-------------------+
[    6.715508] cloud-init[1065]: ci-info: | Device |  Up  |           Address           |      Mask     | Scope  |     Hw-Address    |
[    6.716553] cloud-init[1065]: ci-info: +--------+------+-----------------------------+---------------+--------+-------------------+
[    6.717596] cloud-init[1065]: ci-info: | enp0s3 | True |          10.0.2.15          | 255.255.255.0 | global | 02:30:52:25:60:69 |
[    6.718634] cloud-init[1065]: ci-info: | enp0s3 | True |  fe80::30:52ff:fe25:6069/64 |       .       |  link  | 02:30:52:25:60:69 |
[    6.719691] cloud-init[1065]: ci-info: | enp0s8 | True |        192.168.33.60        | 255.255.255.0 | global | 08:00:27:3e:47:33 |
[    6.720709] cloud-init[1065]: ci-info: | enp0s8 | True | fe80::a00:27ff:fe3e:4733/64 |       .       |  link  | 08:00:27:3e:47:33 |
[    6.721738] cloud-init[1065]: ci-info: |   lo   | True |          127.0.0.1          |   255.0.0.0   |  host  |         .         |
[    6.722779] cloud-init[1065]: ci-info: |   lo   | True |           ::1/128           |       .       |  host  |         .         |
[    6.724020] cloud-init[1065]: ci-info: +--------+------+-----------------------------+---------------+--------+-------------------+
[    6.725398] cloud-init[1065]: ci-info: ++++++++++++++++++++++++++++Route IPv4 info++++++++++++++++++++++++++++
[    6.726520] cloud-init[1065]: ci-info: +-------+--------------+----------+---------------+-----------+-------+
[    6.727615] cloud-init[1065]: ci-info: | Route | Destination  | Gateway  |    Genmask    | Interface | Flags |
[    6.728738] cloud-init[1065]: ci-info: +-------+--------------+----------+---------------+-----------+-------+
[    6.729853] cloud-init[1065]: ci-info: |   0   |   0.0.0.0    | 10.0.2.2 |    0.0.0.0    |   enp0s3  |   UG  |
[    6.730952] cloud-init[1065]: ci-info: |   1   |   10.0.2.0   | 0.0.0.0  | 255.255.255.0 |   enp0s3  |   U   |
[    6.732053] cloud-init[1065]: ci-info: |   2   | 192.168.33.0 | 0.0.0.0  | 255.255.255.0 |   enp0s8  |   U   |
[    6.733180] cloud-init[1065]: ci-info: +-------+--------------+----------+---------------+-----------+-------+
[    6.734287] cloud-init[1065]: ci-info: +++++++++++++++++++Route IPv6 info+++++++++++++++++++
[    6.735260] cloud-init[1065]: ci-info: +-------+-------------+---------+-----------+-------+
[    6.736295] cloud-init[1065]: ci-info: | Route | Destination | Gateway | Interface | Flags |
[    6.737306] cloud-init[1065]: ci-info: +-------+-------------+---------+-----------+-------+
[    6.738279] cloud-init[1065]: ci-info: |   0   |  fe80::/64  |    ::   |   enp0s8  |   U   |
[    6.739286] cloud-init[1065]: ci-info: |   1   |  fe80::/64  |    ::   |   enp0s3  |   U   |
[    6.741179] cloud-init[1065]: ci-info: |   4   |   ff00::/8  |    ::   |   enp0s8  |   U   |
[    6.742200] cloud-init[1065]: ci-info: |   5   |   ff00::/8  |    ::   |   enp0s3  |   U   |
[    6.743188] cloud-init[1065]: ci-info: +-------+-------------+---------+-----------+-------+
[[0;32m  OK  [0m] Started Initial cloud-init job (metadata service crawler).
[[0;32m  OK  [0m] Reached target Cloud-config availability.
[[0;32m  OK  [0m] Reached target System Initialization.
[[0;32m  OK  [0m] Started Daily Cleanup of Temporary Directories.
[[0;32m  OK  [0m] Listening on D-Bus System Message Bus Socket.
         Starting LXD - unix socket.
[[0;32m  OK  [0m] Started Daily apt download activities.
         Starting Socket activation for snappy daemon.
[[0;32m  OK  [0m] Started Daily apt upgrade and clean activities.
[[0;32m  OK  [0m] Listening on ACPID Listen Socket.
[[0;32m  OK  [0m] Started Clean PHP session files every 30 mins.
[[0;32m  OK  [0m] Listening on UUID daemon activation socket.
[[0;32m  OK  [0m] Started ACPI Events Check.
[[0;32m  OK  [0m] Reached target Paths.
[[0;32m  OK  [0m] Reached target Timers.
[[0;32m  OK  [0m] Reached target Network is Online.
         Starting iSCSI initiator daemon (iscsid)...
[[0;32m  OK  [0m] Listening on LXD - unix socket.
[[0;32m  OK  [0m] Listening on Socket activation for snappy daemon.
[[0;32m  OK  [0m] Reached target Sockets.
[[0;32m  OK  [0m] Reached target Basic System.
[[0;32m  OK  [0m] Started Deferred execution scheduler.
         Starting Accounts Service...
         Starting Login Service...
         Starting Snap Daemon...
[[0;32m  OK  [0m] Started ACPI event daemon.
         Starting MySQL Community Server...
         Starting Clean php session files...
[[0;32m  OK  [0m] Started FUSE filesystem for LXC.
         Starting LSB: Record successful boot for GRUB...
[[0;32m  OK  [0m] Started Regular background program processing daemon.
[[0;32m  OK  [0m] Started Unattended Upgrades Shutdown.
         Starting Virtualbox guest utils...
         Starting OpenBSD Secure Shell server...
[[0;32m  OK  [0m] Started D-Bus System Message Bus.
         Starting System Logging Service...
         Starting /etc/rc.local Compatibility...
         Starting LSB: MD monitoring daemon...
         Starting LXD - container startup/shutdown...
[[0;32m  OK  [0m] Started /etc/rc.local Compatibility.
[[0;32m  OK  [0m] Started iSCSI initiator daemon (iscsid).
[[0;32m  OK  [0m] Started Login Service.
         Starting Authenticate and Authorize Users to Run Privileged Tasks...
         Starting Login to default iSCSI targets...
[[0;32m  OK  [0m] Started OpenBSD Secure Shell server.
[[0;32m  OK  [0m] Started System Logging Service.
[[0;32m  OK  [0m] Started LSB: Record successful boot for GRUB.
[[0;32m  OK  [0m] Started LSB: MD monitoring daemon.
[[0;32m  OK  [0m] Started Login to default iSCSI targets.
[[0;32m  OK  [0m] Started Authenticate and Authorize Users to Run Privileged Tasks.
[[0;32m  OK  [0m] Reached target Remote File Systems (Pre).
[[0;32m  OK  [0m] Reached target Remote File Systems.
         Starting LSB: daemon to balance interrupts for SMP systems...
         Starting LSB: automatic crash report generation...
         Starting Permit User Sessions...
         Starting LSB: Set the CPU Frequency Scaling governor to "ondemand"...
         Starting LSB: Apache2 web server...
[[0;32m  OK  [0m] Started Permit User Sessions.
         Starting Hold until boot process finishes up...
         Starting Terminate Plymouth Boot Screen...
[[0;32m  OK  [0m] Started Hold until boot process finishes up.
[[0;32m  OK  [0m] Started Serial Getty on ttyS0.
         Starting Set console scheme...
[[0;32m  OK  [0m] Started Getty on tty1.
[[0;32m  OK  [0m] Reached target Login Prompts.
[[0;32m  OK  [0m] Started Terminate Plymouth Boot Screen.
[[0;32m  OK  [0m] Started Set console scheme.
[[0;32m  OK  [0m] Started Accounts Service.
[[0;32m  OK  [0m] Started Virtualbox guest utils.
[[0;32m  OK  [0m] Started LSB: daemon to balance interrupts for SMP systems.
[[0;32m  OK  [0m] Started LSB: Set the CPU Frequency Scaling governor to "ondemand".
[[0;32m  OK  [0m] Started LSB: automatic crash report generation.
[[0;32m  OK  [0m] Started LXD - container startup/shutdown.
[[0;32m  OK  [0m] Started Snap Daemon.
         Starting Wait until snapd is fully seeded...
[[0;32m  OK  [0m] Started Wait until snapd is fully seeded.
         Starting Apply the settings specified in cloud-config...
[[0;32m  OK  [0m] Started Clean php session files.
[    7.598653] cloud-init[1389]: Cloud-init v. 18.5-45-g3554ffe8-0ubuntu1~16.04.1 running 'modules:config' at Thu, 03 Sep 2020 07:14:39 +0000. Up 7.52 seconds.
[[0;32m  OK  [0m] Started Apply the settings specified in cloud-config.
[[0;32m  OK  [0m] Started MySQL Community Server.
[[0;32m  OK  [0m] Started LSB: Apache2 web server.
[[0;32m  OK  [0m] Reached target Multi-User System.
         Starting Execute cloud user/final scripts...
[[0;32m  OK  [0m] Reached target Graphical Interface.
         Starting Update UTMP about System Runlevel Changes...
[[0;32m  OK  [0m] Started Update UTMP about System Runlevel Changes.
[    8.656734] cloud-init[1457]: Cloud-init v. 18.5-45-g3554ffe8-0ubuntu1~16.04.1 running 'modules:final' at Thu, 03 Sep 2020 07:14:40 +0000. Up 8.58 seconds.
[    8.658300] cloud-init[1457]: Cloud-init v. 18.5-45-g3554ffe8-0ubuntu1~16.04.1 finished at Thu, 03 Sep 2020 07:14:40 +0000. Datasource DataSourceNoCloud [seed=/dev/sdb][dsmode=net].  Up 8.65 seconds
[[0;32m  OK  [0m] Started Execute cloud user/final scripts.
         Starting Daily apt download activities...
[[0;32m  OK  [0m] Reached target Cloud-init target.

Ubuntu 16.04.6 LTS ubuntu-xenial ttyS0

ubuntu-xenial login: 